<testsuite name="features.editprofile.Edit Profile" tests="1" errors="1" failures="0" skipped="0" time="3.042508" timestamp="2024-01-05T22:44:04.022183" hostname="Ammar-Qorni"><testcase classname="features.editprofile.Edit Profile" name="Already Logged In" status="failed" time="3.042508"><error type="NoSuchElementException" message="Message: no such element: Unable to locate element: {&quot;method&quot;:&quot;css selector&quot;,&quot;selector&quot;:&quot;[id=&quot;edit-profile&quot;]&quot;}&#10;  (Session info: chrome=120.0.6099.130); For documentation on this error, please visit: https://www.selenium.dev/documentation/webdriver/troubleshooting/errors#no-such-element-exception&#10;Stacktrace:&#10;&#09;GetHandleVerifier [0x00007FF60D412142+3514994]&#10;&#09;(No symbol) [0x00007FF60D030CE2]&#10;&#09;(No symbol) [0x00007FF60CED76AA]&#10;&#09;(No symbol) [0x00007FF60CF21860]&#10;&#09;(No symbol) [0x00007FF60CF2197C]&#10;&#09;(No symbol) [0x00007FF60CF64EE7]&#10;&#09;(No symbol) [0x00007FF60CF4602F]&#10;&#09;(No symbol) [0x00007FF60CF628F6]&#10;&#09;(No symbol) [0x00007FF60CF45D93]&#10;&#09;(No symbol) [0x00007FF60CF14BDC]&#10;&#09;(No symbol) [0x00007FF60CF15C64]&#10;&#09;GetHandleVerifier [0x00007FF60D43E16B+3695259]&#10;&#09;GetHandleVerifier [0x00007FF60D496737+4057191]&#10;&#09;GetHandleVerifier [0x00007FF60D48E4E3+4023827]&#10;&#09;GetHandleVerifier [0x00007FF60D1604F9+689705]&#10;&#09;(No symbol) [0x00007FF60D03C048]&#10;&#09;(No symbol) [0x00007FF60D038044]&#10;&#09;(No symbol) [0x00007FF60D0381C9]&#10;&#09;(No symbol) [0x00007FF60D0288C4]&#10;&#09;BaseThreadInitThunk [0x00007FFD2075257D+29]&#10;&#09;RtlUserThreadStart [0x00007FFD221AAA58+40]&#10;">
<![CDATA[
Failing step: And i press Edit Profile button ... failed in 0.012s
Location: tests/acceptance/features/editprofile.feature:6
Traceback (most recent call last):
  File "C:\Users\ammar\AppData\Local\Packages\PythonSoftwareFoundation.Python.3.12_qbz5n2kfra8p0\LocalCache\local-packages\Python312\site-packages\behave\model.py", line 1329, in run
    match.run(runner.context)
  File "C:\Users\ammar\AppData\Local\Packages\PythonSoftwareFoundation.Python.3.12_qbz5n2kfra8p0\LocalCache\local-packages\Python312\site-packages\behave\matchers.py", line 98, in run
    self.func(context, *args, **kwargs)
  File "tests\acceptance\steps\editprofile.py", line 35, in step_impl
    user_profile_button = context.browser.find_element(By.ID, 'edit-profile')
                          ^^^^^^^^^^^^^^^^^^^^^^^^^^^^^^^^^^^^^^^^^^^^^^^^^^^
  File "C:\Users\ammar\AppData\Local\Packages\PythonSoftwareFoundation.Python.3.12_qbz5n2kfra8p0\LocalCache\local-packages\Python312\site-packages\selenium\webdriver\remote\webdriver.py", line 742, in find_element
    return self.execute(Command.FIND_ELEMENT, {"using": by, "value": value})["value"]
           ^^^^^^^^^^^^^^^^^^^^^^^^^^^^^^^^^^^^^^^^^^^^^^^^^^^^^^^^^^^^^^^^^
  File "C:\Users\ammar\AppData\Local\Packages\PythonSoftwareFoundation.Python.3.12_qbz5n2kfra8p0\LocalCache\local-packages\Python312\site-packages\selenium\webdriver\remote\webdriver.py", line 348, in execute
    self.error_handler.check_response(response)
  File "C:\Users\ammar\AppData\Local\Packages\PythonSoftwareFoundation.Python.3.12_qbz5n2kfra8p0\LocalCache\local-packages\Python312\site-packages\selenium\webdriver\remote\errorhandler.py", line 229, in check_response
    raise exception_class(message, screen, stacktrace)
selenium.common.exceptions.NoSuchElementException: Message: no such element: Unable to locate element: {"method":"css selector","selector":"[id="edit-profile"]"}
  (Session info: chrome=120.0.6099.130); For documentation on this error, please visit: https://www.selenium.dev/documentation/webdriver/troubleshooting/errors#no-such-element-exception
Stacktrace:
	GetHandleVerifier [0x00007FF60D412142+3514994]
	(No symbol) [0x00007FF60D030CE2]
	(No symbol) [0x00007FF60CED76AA]
	(No symbol) [0x00007FF60CF21860]
	(No symbol) [0x00007FF60CF2197C]
	(No symbol) [0x00007FF60CF64EE7]
	(No symbol) [0x00007FF60CF4602F]
	(No symbol) [0x00007FF60CF628F6]
	(No symbol) [0x00007FF60CF45D93]
	(No symbol) [0x00007FF60CF14BDC]
	(No symbol) [0x00007FF60CF15C64]
	GetHandleVerifier [0x00007FF60D43E16B+3695259]
	GetHandleVerifier [0x00007FF60D496737+4057191]
	GetHandleVerifier [0x00007FF60D48E4E3+4023827]
	GetHandleVerifier [0x00007FF60D1604F9+689705]
	(No symbol) [0x00007FF60D03C048]
	(No symbol) [0x00007FF60D038044]
	(No symbol) [0x00007FF60D0381C9]
	(No symbol) [0x00007FF60D0288C4]
	BaseThreadInitThunk [0x00007FFD2075257D+29]
	RtlUserThreadStart [0x00007FFD221AAA58+40]

]]>
</error><system-out>
<![CDATA[
@scenario.begin
  Scenario: Already Logged In
    Given i am on Logged In Homepage ... passed in 2.930s
    When i press User Profile button ... passed in 0.101s
    And i press Edit Profile button ... failed in 0.012s
    Then i should be on Edit Profile Page ... skipped in 0.000s
    When I enter a new email and username in the Edit Profile fields ... skipped in 0.000s
    And i press Save button ... skipped in 0.000s
    Then i should be on Edit Profile Page ... skipped in 0.000s

@scenario.end
--------------------------------------------------------------------------------
]]>
</system-out></testcase></testsuite>